-------------------------------------------------------------------------------
Test set: com.testing.CalculatorTest
-------------------------------------------------------------------------------
Tests run: 1, Failures: 1, Errors: 0, Skipped: 0, Time elapsed: 0.001 s <<< FAILURE! - in com.testing.CalculatorTest
test(com.testing.CalculatorTest)  Time elapsed: 0.001 s  <<< FAILURE!
java.lang.AssertionError: expected:<1> but was:<0>
	at com.testing.CalculatorTest.test(CalculatorTest.java:16)

